<?xml version="1.0" encoding="UTF-8"?>
<testsuite xmlns:xsi="http://www.w3.org/2001/XMLSchema-instance" xsi:noNamespaceSchemaLocation="https://maven.apache.org/surefire/maven-surefire-plugin/xsd/surefire-test-report.xsd" name="TestMessageBuilder" time="0.003" tests="1" errors="0" skipped="0" failures="0">
  <properties>
    <property name="sun.desktop" value="windows"/>
    <property name="awt.toolkit" value="sun.awt.windows.WToolkit"/>
    <property name="file.encoding.pkg" value="sun.io"/>
    <property name="java.specification.version" value="1.8"/>
    <property name="sun.cpu.isalist" value="amd64"/>
    <property name="sun.jnu.encoding" value="Cp1252"/>
    <property name="java.class.path" value="C:\Projects\ITIS\SESTools\SESEditor\target\test-classes;C:\Projects\ITIS\SESTools\SESEditor\target\classes;C:\Users\HRoknizadeh\.m2\repository\com\github\vbmacher\java-cup-runtime\11b\java-cup-runtime-11b.jar;C:\Users\HRoknizadeh\.m2\repository\com\google\guava\guava\28.2-jre\guava-28.2-jre.jar;C:\Users\HRoknizadeh\.m2\repository\com\google\guava\failureaccess\1.0.1\failureaccess-1.0.1.jar;C:\Users\HRoknizadeh\.m2\repository\com\google\guava\listenablefuture\9999.0-empty-to-avoid-conflict-with-guava\listenablefuture-9999.0-empty-to-avoid-conflict-with-guava.jar;C:\Users\HRoknizadeh\.m2\repository\com\google\code\findbugs\jsr305\3.0.2\jsr305-3.0.2.jar;C:\Users\HRoknizadeh\.m2\repository\org\checkerframework\checker-qual\2.10.0\checker-qual-2.10.0.jar;C:\Users\HRoknizadeh\.m2\repository\com\google\errorprone\error_prone_annotations\2.3.4\error_prone_annotations-2.3.4.jar;C:\Users\HRoknizadeh\.m2\repository\com\google\j2objc\j2objc-annotations\1.3\j2objc-annotations-1.3.jar;C:\Users\HRoknizadeh\.m2\repository\com\ibm\icu\icu4j\65.1\icu4j-65.1.jar;C:\Users\HRoknizadeh\.m2\repository\edu\princeton\cup\java-cup\10k\java-cup-10k.jar;C:\Users\HRoknizadeh\.m2\repository\com\github\vlsi\mxgraph\jgraphx\4.0.5\jgraphx-4.0.5.jar;C:\Users\HRoknizadeh\.m2\repository\com\fifesoft\rsyntaxtextarea\3.0.8\rsyntaxtextarea-3.0.8.jar;C:\Users\HRoknizadeh\.m2\repository\org\junit\jupiter\junit-jupiter-engine\5.3.1\junit-jupiter-engine-5.3.1.jar;C:\Users\HRoknizadeh\.m2\repository\org\apiguardian\apiguardian-api\1.0.0\apiguardian-api-1.0.0.jar;C:\Users\HRoknizadeh\.m2\repository\org\junit\platform\junit-platform-engine\1.3.1\junit-platform-engine-1.3.1.jar;C:\Users\HRoknizadeh\.m2\repository\org\junit\platform\junit-platform-commons\1.3.1\junit-platform-commons-1.3.1.jar;C:\Users\HRoknizadeh\.m2\repository\org\opentest4j\opentest4j\1.1.1\opentest4j-1.1.1.jar;C:\Users\HRoknizadeh\.m2\repository\org\junit\jupiter\junit-jupiter-api\5.3.1\junit-jupiter-api-5.3.1.jar;"/>
    <property name="java.vm.vendor" value="Oracle Corporation"/>
    <property name="sun.arch.data.model" value="64"/>
    <property name="user.variant" value=""/>
    <property name="java.vendor.url" value="http://java.oracle.com/"/>
    <property name="user.timezone" value="Europe/Berlin"/>
    <property name="java.vm.specification.version" value="1.8"/>
    <property name="os.name" value="Windows 10"/>
    <property name="user.country" value="DE"/>
    <property name="sun.java.launcher" value="SUN_STANDARD"/>
    <property name="sun.boot.library.path" value="C:\Java\jdk1.8.0_221\jre\bin"/>
    <property name="sun.java.command" value="C:\Users\HROKNI~1\AppData\Local\Temp\surefire2410495933979798158\surefirebooter5359522051055489547.jar C:\Users\HRoknizadeh\AppData\Local\Temp\surefire2410495933979798158 2020-02-18T15-18-04_783-jvmRun1 surefire908734919234491088tmp surefire_08559114778415532016tmp"/>
    <property name="surefire.test.class.path" value="C:\Projects\ITIS\SESTools\SESEditor\target\test-classes;C:\Projects\ITIS\SESTools\SESEditor\target\classes;C:\Users\HRoknizadeh\.m2\repository\com\github\vbmacher\java-cup-runtime\11b\java-cup-runtime-11b.jar;C:\Users\HRoknizadeh\.m2\repository\com\google\guava\guava\28.2-jre\guava-28.2-jre.jar;C:\Users\HRoknizadeh\.m2\repository\com\google\guava\failureaccess\1.0.1\failureaccess-1.0.1.jar;C:\Users\HRoknizadeh\.m2\repository\com\google\guava\listenablefuture\9999.0-empty-to-avoid-conflict-with-guava\listenablefuture-9999.0-empty-to-avoid-conflict-with-guava.jar;C:\Users\HRoknizadeh\.m2\repository\com\google\code\findbugs\jsr305\3.0.2\jsr305-3.0.2.jar;C:\Users\HRoknizadeh\.m2\repository\org\checkerframework\checker-qual\2.10.0\checker-qual-2.10.0.jar;C:\Users\HRoknizadeh\.m2\repository\com\google\errorprone\error_prone_annotations\2.3.4\error_prone_annotations-2.3.4.jar;C:\Users\HRoknizadeh\.m2\repository\com\google\j2objc\j2objc-annotations\1.3\j2objc-annotations-1.3.jar;C:\Users\HRoknizadeh\.m2\repository\com\ibm\icu\icu4j\65.1\icu4j-65.1.jar;C:\Users\HRoknizadeh\.m2\repository\edu\princeton\cup\java-cup\10k\java-cup-10k.jar;C:\Users\HRoknizadeh\.m2\repository\com\github\vlsi\mxgraph\jgraphx\4.0.5\jgraphx-4.0.5.jar;C:\Users\HRoknizadeh\.m2\repository\com\fifesoft\rsyntaxtextarea\3.0.8\rsyntaxtextarea-3.0.8.jar;C:\Users\HRoknizadeh\.m2\repository\org\junit\jupiter\junit-jupiter-engine\5.3.1\junit-jupiter-engine-5.3.1.jar;C:\Users\HRoknizadeh\.m2\repository\org\apiguardian\apiguardian-api\1.0.0\apiguardian-api-1.0.0.jar;C:\Users\HRoknizadeh\.m2\repository\org\junit\platform\junit-platform-engine\1.3.1\junit-platform-engine-1.3.1.jar;C:\Users\HRoknizadeh\.m2\repository\org\junit\platform\junit-platform-commons\1.3.1\junit-platform-commons-1.3.1.jar;C:\Users\HRoknizadeh\.m2\repository\org\opentest4j\opentest4j\1.1.1\opentest4j-1.1.1.jar;C:\Users\HRoknizadeh\.m2\repository\org\junit\jupiter\junit-jupiter-api\5.3.1\junit-jupiter-api-5.3.1.jar;"/>
    <property name="sun.cpu.endian" value="little"/>
    <property name="user.home" value="C:\Users\HRoknizadeh"/>
    <property name="user.language" value="de"/>
    <property name="java.specification.vendor" value="Oracle Corporation"/>
    <property name="java.home" value="C:\Java\jdk1.8.0_221\jre"/>
    <property name="basedir" value="C:\Projects\ITIS\SESTools\SESEditor"/>
    <property name="file.separator" value="\"/>
    <property name="line.separator" value="&#10;"/>
    <property name="java.vm.specification.vendor" value="Oracle Corporation"/>
    <property name="java.specification.name" value="Java Platform API Specification"/>
    <property name="java.awt.graphicsenv" value="sun.awt.Win32GraphicsEnvironment"/>
    <property name="surefire.real.class.path" value="C:\Users\HROKNI~1\AppData\Local\Temp\surefire2410495933979798158\surefirebooter5359522051055489547.jar"/>
    <property name="sun.boot.class.path" value="C:\Java\jdk1.8.0_221\jre\lib\resources.jar;C:\Java\jdk1.8.0_221\jre\lib\rt.jar;C:\Java\jdk1.8.0_221\jre\lib\sunrsasign.jar;C:\Java\jdk1.8.0_221\jre\lib\jsse.jar;C:\Java\jdk1.8.0_221\jre\lib\jce.jar;C:\Java\jdk1.8.0_221\jre\lib\charsets.jar;C:\Java\jdk1.8.0_221\jre\lib\jfr.jar;C:\Java\jdk1.8.0_221\jre\classes"/>
    <property name="user.script" value=""/>
    <property name="sun.management.compiler" value="HotSpot 64-Bit Tiered Compilers"/>
    <property name="java.runtime.version" value="1.8.0_221-b11"/>
    <property name="user.name" value="HRoknizadeh"/>
    <property name="path.separator" value=";"/>
    <property name="os.version" value="10.0"/>
    <property name="java.endorsed.dirs" value="C:\Java\jdk1.8.0_221\jre\lib\endorsed"/>
    <property name="java.runtime.name" value="Java(TM) SE Runtime Environment"/>
    <property name="file.encoding" value="Cp1252"/>
    <property name="java.vm.name" value="Java HotSpot(TM) 64-Bit Server VM"/>
    <property name="localRepository" value="C:\Users\HRoknizadeh\.m2\repository"/>
    <property name="java.vendor.url.bug" value="http://bugreport.sun.com/bugreport/"/>
    <property name="java.io.tmpdir" value="C:\Users\HROKNI~1\AppData\Local\Temp\"/>
    <property name="java.version" value="1.8.0_221"/>
    <property name="user.dir" value="C:\Projects\ITIS\SESTools\SESEditor"/>
    <property name="os.arch" value="amd64"/>
    <property name="java.vm.specification.name" value="Java Virtual Machine Specification"/>
    <property name="java.awt.printerjob" value="sun.awt.windows.WPrinterJob"/>
    <property name="sun.os.patch.level" value=""/>
    <property name="idea.version2019.3.3" value="true"/>
    <property name="java.library.path" value="C:\Java\jdk1.8.0_221\jre\bin;C:\WINDOWS\Sun\Java\bin;C:\WINDOWS\system32;C:\WINDOWS;C:\Program Files\Python37\Scripts\;C:\Program Files\Python37\;C:\Program Files\ImageMagick-7.0.8-Q16;C:\WINDOWS\system32;C:\WINDOWS;C:\WINDOWS\System32\Wbem;C:\WINDOWS\System32\WindowsPowerShell\v1.0\;C:\WINDOWS\System32\OpenSSH\;C:\ProgramData\chocolatey\bin;C:\Program Files\TortoiseSVN\bin;C:\Program Files\nodejs\;C:\Program Files\Dart\dart-sdk\bin;C:\Program Files\Intel\WiFi\bin\;C:\Program Files\Common Files\Intel\WirelessCommon\;C:\Software\zulu11.35.15-ca-jdk11.0.5-win_x64\bin;C:\Program Files\Microsoft SQL Server\Client SDK\ODBC\130\Tools\Binn\;C:\Program Files (x86)\Microsoft SQL Server\140\Tools\Binn\;C:\Program Files\Microsoft SQL Server\140\Tools\Binn\;C:\Program Files\Microsoft SQL Server\140\DTS\Binn\;C:\Program Files (x86)\Microsoft SQL Server\150\DTS\Binn\;C:\Program Files\Amazon\AWSCLI\;C:\Program Files\Git\cmd;C:\Google\Google\CloudSDK\google-cloud-sdk\bin;C:\Users\HRoknizadeh\AppData\Local\Microsoft\WindowsApps;C:\Program Files\JetBrains\IntelliJ IDEA 2019.2\bin;C:\Projects\Flutter\flutter_windows_v1.12.13+hotfix.5-stable\flutter\bin;C:\Users\HRoknizadeh\AppData\Roaming\npm;C:\Users\HRoknizadeh\Downloads\poppler-0.68.0_x86\poppler-0.68.0\bin;C:\Users\HRoknizadeh\AppData\Local\atom\bin;C:\Users\HRoknizadeh\AppData\Local\Programs\Microsoft VS Code\bin;C:\Users\HRoknizadeh\AppData\Local\GitHubDesktop\bin;C:\Users\HRoknizadeh\.ebcli-virtual-env\executables;;;."/>
    <property name="java.vm.info" value="mixed mode"/>
    <property name="java.vendor" value="Oracle Corporation"/>
    <property name="java.vm.version" value="25.221-b11"/>
    <property name="java.ext.dirs" value="C:\Java\jdk1.8.0_221\jre\lib\ext;C:\WINDOWS\Sun\Java\lib\ext"/>
    <property name="sun.io.unicode.encoding" value="UnicodeLittle"/>
    <property name="java.class.version" value="52.0"/>
  </properties>
  <testcase name="test" classname="TestMessageBuilder" time="0.001"/>
</testsuite>